<?xml version="1.0" encoding="UTF-8"?>
<coverage generated="1526418257824" clover="3.2.0">
  <project timestamp="1526418257824" name="All files">
    <metrics statements="15" coveredstatements="15" conditionals="4" coveredconditionals="4" methods="5" coveredmethods="5" elements="24" coveredelements="24" complexity="0" loc="15" ncloc="15" packages="1" files="1" classes="1">
      <file name="list.js" path="/Users/john/codefellows/classes/seattle-javascript-401d24/class/02-tools-and-context/demo/list/lib/list.js">
        <metrics statements="15" coveredstatements="15" conditionals="4" coveredconditionals="4" methods="5" coveredmethods="5"/>
        <line num="5" count="8" type="stmt"/>
        <line num="9" count="24" type="stmt"/>
        <line num="13" count="2" type="stmt"/>
        <line num="14" count="2" type="stmt"/>
        <line num="15" count="2" type="stmt"/>
        <line num="16" count="2" type="stmt"/>
        <line num="20" count="2" type="cond" truecount="2" falsecount="0"/>
        <line num="21" count="1" type="stmt"/>
        <line num="22" count="3" type="stmt"/>
        <line num="27" count="2" type="cond" truecount="2" falsecount="0"/>
        <line num="28" count="1" type="stmt"/>
        <line num="29" count="1" type="stmt"/>
        <line num="30" count="3" type="stmt"/>
        <line num="32" count="1" type="stmt"/>
        <line num="37" count="1" type="stmt"/>
      </file>
    </metrics>
  </project>
</coverage>
