TN:
SF:/Users/john/codefellows/classes/seattle-javascript-401d24/class/02-tools-and-context/demo/list/lib/list.js
FN:4,(anonymous_0)
FN:8,(anonymous_1)
FN:12,(anonymous_2)
FN:19,(anonymous_3)
FN:26,(anonymous_4)
FNF:5
FNH:5
FNDA:8,(anonymous_0)
FNDA:24,(anonymous_1)
FNDA:2,(anonymous_2)
FNDA:2,(anonymous_3)
FNDA:2,(anonymous_4)
DA:5,8
DA:9,24
DA:13,2
DA:14,2
DA:15,2
DA:16,2
DA:20,2
DA:21,1
DA:22,3
DA:27,2
DA:28,1
DA:29,1
DA:30,3
DA:32,1
DA:37,1
LF:15
LH:15
BRDA:20,0,0,1
BRDA:20,0,1,1
BRDA:27,1,0,1
BRDA:27,1,1,1
BRF:4
BRH:4
end_of_record
